<?xml version="1.0" encoding="UTF-8"?>
<!-- Generated by org.testng.reporters.JUnitXMLReporter -->
<testsuite ignored="1" hostname="RaniShankar" failures="0" tests="2" name="Test" time="9.863" errors="0" timestamp="2024-04-11T18:38:55 IST">
  <testcase classname="genericLibrary.BaseClass1" name="@BeforeClass launchBrowser" time="9.774">
    <failure type="java.lang.ClassCastException" message="class org.openqa.selenium.chrome.ChromeDriver cannot be cast to class org.openqa.selenium.interactions.Actions (org.openqa.selenium.chrome.ChromeDriver and org.openqa.selenium.interactions.Actions are in unnamed module of loader &amp;apos;app&amp;apos;)">
      <![CDATA[java.lang.ClassCastException: class org.openqa.selenium.chrome.ChromeDriver cannot be cast to class org.openqa.selenium.interactions.Actions (org.openqa.selenium.chrome.ChromeDriver and org.openqa.selenium.interactions.Actions are in unnamed module of loader 'app')
at genericLibrary.UtilityMethods.initObjects(UtilityMethods.java:122)
at genericLibrary.BaseClass1.launchBrowser(BaseClass1.java:68)
at java.base/java.util.ArrayList.forEach(ArrayList.java:1511)
... Removed 25 stack frames]]>
    </failure>
  </testcase> <!-- @BeforeClass launchBrowser -->
  <testcase classname="genericLibrary.BaseClass1" name="@BeforeMethod bm" time="0.0">
    <skipped/>
  </testcase> <!-- @BeforeMethod bm -->
  <testcase classname="genericLibrary.BaseClass1" name="@AfterMethod logout" time="0.0">
    <skipped/>
  </testcase> <!-- @AfterMethod logout -->
  <testcase classname="genericLibrary.BaseClass1" name="@BeforeMethod bm" time="0.0">
    <skipped/>
  </testcase> <!-- @BeforeMethod bm -->
  <testcase classname="genericLibrary.BaseClass1" name="@AfterMethod logout" time="0.0">
    <skipped/>
  </testcase> <!-- @AfterMethod logout -->
  <testcase classname="genericLibrary.BaseClass1" name="@AfterClass closeBrowser" time="0.0">
    <skipped/>
  </testcase> <!-- @AfterClass closeBrowser -->
  <testcase classname="testScripts.HomeTest" name="home_002" time="0.0">
    <skipped/>
  </testcase> <!-- home_002 -->
  <testcase classname="testScripts.HomeTest" name="home_003" time="0.0">
    <skipped/>
  </testcase> <!-- home_003 -->
  <testcase classname="testScripts.HomeTest" name="home_001" time="0.0">
    <ignored/>
  </testcase> <!-- home_001 -->
</testsuite> <!-- Test -->
